android/app/build/intermediates/manifest_merge_blame_file/debug/manifest-merger-blame-debug-report.txt
1<?xml version="1.0" encoding="utf-8"?>
2<manifest xmlns:android="http://schemas.android.com/apk/res/android"
3    package="com.modiiosapp"
4    android:versionCode="1"
5    android:versionName="1.0" >
6
7    <uses-sdk
8        android:minSdkVersion="16"
9        android:targetSdkVersion="29" />
10
11    <uses-permission android:name="android.permission.SYSTEM_ALERT_WINDOW" />
11-->src/main/AndroidManifest.xml:5:5-77
11-->src/main/AndroidManifest.xml:5:22-75
12    <uses-permission android:name="android.permission.INTERNET" />
12-->src/main/AndroidManifest.xml:4:5-67
12-->src/main/AndroidManifest.xml:4:22-64
13    <uses-permission android:name="android.permission.WAKE_LOCK" />
13-->src/main/AndroidManifest.xml:6:5-68
13-->src/main/AndroidManifest.xml:6:22-65
14    <uses-permission android:name="android.permission.CAMERA" />
14-->src/main/AndroidManifest.xml:7:5-64
14-->src/main/AndroidManifest.xml:7:22-62
15    <uses-permission android:name="android.permission.READ_EXTERNAL_STORAGE" />
15-->src/main/AndroidManifest.xml:8:5-80
15-->src/main/AndroidManifest.xml:8:22-77
16    <uses-permission android:name="android.permission.WRITE_EXTERNAL_STORAGE" />
16-->src/main/AndroidManifest.xml:9:5-80
16-->src/main/AndroidManifest.xml:9:22-78
17
18    <uses-feature
18-->src/main/AndroidManifest.xml:10:5-85
19        android:name="android.hardware.camera"
19-->src/main/AndroidManifest.xml:10:19-57
20        android:required="false" />
20-->src/main/AndroidManifest.xml:10:58-82
21    <uses-feature
21-->src/main/AndroidManifest.xml:11:5-91
22        android:name="android.hardware.camera.front"
22-->src/main/AndroidManifest.xml:11:19-63
23        android:required="false" />
23-->src/main/AndroidManifest.xml:11:64-88
24
25    <uses-permission android:name="android.permission.ACCESS_WIFI_STATE" />
25-->[com.facebook.flipper:flipper:0.54.0] AndroidManifest.xml:16:5-76
25-->[com.facebook.flipper:flipper:0.54.0] AndroidManifest.xml:16:22-73
26    <uses-permission android:name="android.permission.ACCESS_COARSE_LOCATION" /> <!-- Include required permissions for Google Maps API to run. -->
26-->[:react-native-maps] AndroidManifest.xml:10:5-81
26-->[:react-native-maps] AndroidManifest.xml:10:22-78
27    <uses-permission android:name="android.permission.ACCESS_NETWORK_STATE" />
27-->[com.google.android.gms:play-services-maps:17.0.0] AndroidManifest.xml:23:5-79
27-->[com.google.android.gms:play-services-maps:17.0.0] AndroidManifest.xml:23:22-76
28
29    <uses-feature
29-->[com.google.android.gms:play-services-maps:17.0.0] AndroidManifest.xml:26:5-28:35
30        android:glEsVersion="0x00020000"
30-->[com.google.android.gms:play-services-maps:17.0.0] AndroidManifest.xml:27:9-41
31        android:required="true" />
31-->[com.google.android.gms:play-services-maps:17.0.0] AndroidManifest.xml:28:9-32
32
33    <application
33-->src/main/AndroidManifest.xml:13:5-36:19
34        android:name="com.modiiosapp.MainApplication"
34-->src/main/AndroidManifest.xml:14:7-38
35        android:allowBackup="false"
35-->src/main/AndroidManifest.xml:18:7-34
36        android:appComponentFactory="androidx.core.app.CoreComponentFactory"
36-->[androidx.core:core:1.1.0] AndroidManifest.xml:24:18-86
37        android:debuggable="true"
38        android:icon="@mipmap/ic_launcher"
38-->src/main/AndroidManifest.xml:16:7-41
39        android:label="@string/app_name"
39-->src/main/AndroidManifest.xml:15:7-39
40        android:roundIcon="@mipmap/ic_launcher_round"
40-->src/main/AndroidManifest.xml:17:7-52
41        android:testOnly="true"
42        android:theme="@style/AppTheme"
42-->src/main/AndroidManifest.xml:19:7-38
43        android:usesCleartextTraffic="true" >
43-->src/main/AndroidManifest.xml:20:9-44
44        <uses-library
44-->src/main/AndroidManifest.xml:21:9-23:40
45            android:name="org.apache.http.legacy"
45-->src/main/AndroidManifest.xml:22:13-50
46            android:required="false" />
46-->src/main/AndroidManifest.xml:23:13-37
47
48        <activity
48-->src/main/AndroidManifest.xml:24:7-34:18
49            android:name="com.modiiosapp.MainActivity"
49-->src/main/AndroidManifest.xml:25:9-37
50            android:configChanges="keyboard|keyboardHidden|orientation|screenSize|uiMode"
50-->src/main/AndroidManifest.xml:27:9-86
51            android:label="@string/app_name"
51-->src/main/AndroidManifest.xml:26:9-41
52            android:launchMode="singleTask"
52-->src/main/AndroidManifest.xml:28:9-40
53            android:windowSoftInputMode="adjustResize" >
53-->src/main/AndroidManifest.xml:29:9-51
54            <intent-filter>
54-->src/main/AndroidManifest.xml:30:9-33:25
55                <action android:name="android.intent.action.MAIN" />
55-->src/main/AndroidManifest.xml:31:13-65
55-->src/main/AndroidManifest.xml:31:21-62
56
57                <category android:name="android.intent.category.LAUNCHER" />
57-->src/main/AndroidManifest.xml:32:13-73
57-->src/main/AndroidManifest.xml:32:23-70
58            </intent-filter>
59        </activity>
60        <activity android:name="com.facebook.react.devsupport.DevSettingsActivity" />
60-->src/main/AndroidManifest.xml:35:7-84
60-->src/main/AndroidManifest.xml:35:17-81
61
62        <meta-data
62-->[com.github.bumptech.glide:okhttp3-integration:4.11.0] AndroidManifest.xml:11:9-13:43
63            android:name="com.bumptech.glide.integration.okhttp3.OkHttpGlideModule"
63-->[com.github.bumptech.glide:okhttp3-integration:4.11.0] AndroidManifest.xml:12:13-84
64            android:value="GlideModule" />
64-->[com.github.bumptech.glide:okhttp3-integration:4.11.0] AndroidManifest.xml:13:13-40
65
66        <activity
66-->[com.google.android.gms:play-services-base:17.0.0] AndroidManifest.xml:23:9-26:75
67            android:name="com.google.android.gms.common.api.GoogleApiActivity"
67-->[com.google.android.gms:play-services-base:17.0.0] AndroidManifest.xml:24:13-79
68            android:exported="false"
68-->[com.google.android.gms:play-services-base:17.0.0] AndroidManifest.xml:25:13-37
69            android:theme="@android:style/Theme.Translucent.NoTitleBar" />
69-->[com.google.android.gms:play-services-base:17.0.0] AndroidManifest.xml:26:13-72
70
71        <meta-data
71-->[com.google.android.gms:play-services-basement:17.0.0] AndroidManifest.xml:23:9-25:69
72            android:name="com.google.android.gms.version"
72-->[com.google.android.gms:play-services-basement:17.0.0] AndroidManifest.xml:24:13-58
73            android:value="@integer/google_play_services_version" />
73-->[com.google.android.gms:play-services-basement:17.0.0] AndroidManifest.xml:25:13-66
74    </application>
75
76</manifest>